Compilación iniciada a las 24/03/2017 15:00:37.
     1>Proyecto "C:\Users\Blanca\Documents\Universidad\Segundo\TPV\Practica4-TPV\Practica3-TPV\HolaSDL\HolaSDL.vcxproj" en el nodo 2 (Build destinos).
     1>ClCompile:
         C:\Program Files (x86)\Microsoft Visual Studio 12.0\VC\bin\CL.exe /c /ZI /nologo /W3 /WX- /sdl /Od /Oy- /D _MBCS /Gm /EHsc /RTC1 /MDd /GS /fp:precise /Zc:wchar_t /Zc:forScope /Fo"Debug\\" /Fd"Debug\vc120.pdb" /Gd /TP /analyze- /errorReport:prompt Configuracion.cpp GameOverPG.cpp MenuPG.cpp PausaPG.cpp PlayPg.cpp juegoPG.cpp
         juegoPG.cpp
     1>c:\users\blanca\documents\universidad\segundo\tpv\practica4-tpv\practica3-tpv\holasdl\configuracion.h(17): error C2061: error de sintaxis : identificador 'MenuPG'
     1>c:\users\blanca\documents\universidad\segundo\tpv\practica4-tpv\practica3-tpv\holasdl\configuracion.h(18): error C2061: error de sintaxis : identificador 'MenuPG'
         PlayPg.cpp
     1>c:\users\blanca\documents\universidad\segundo\tpv\practica4-tpv\practica3-tpv\holasdl\configuracion.h(17): error C2061: error de sintaxis : identificador 'MenuPG'
     1>c:\users\blanca\documents\universidad\segundo\tpv\practica4-tpv\practica3-tpv\holasdl\configuracion.h(18): error C2061: error de sintaxis : identificador 'MenuPG'
     1>c:\users\blanca\documents\universidad\segundo\tpv\practica4-tpv\practica3-tpv\holasdl\playpg.cpp(74): warning C4018: '>' : no coinciden signed/unsigned
     1>c:\users\blanca\documents\universidad\segundo\tpv\practica4-tpv\practica3-tpv\holasdl\playpg.cpp(91): warning C4018: '<' : no coinciden signed/unsigned
     1>c:\users\blanca\documents\universidad\segundo\tpv\practica4-tpv\practica3-tpv\holasdl\playpg.cpp(98): warning C4018: '<' : no coinciden signed/unsigned
         PausaPG.cpp
     1>c:\users\blanca\documents\universidad\segundo\tpv\practica4-tpv\practica3-tpv\holasdl\configuracion.h(17): error C2061: error de sintaxis : identificador 'MenuPG'
     1>c:\users\blanca\documents\universidad\segundo\tpv\practica4-tpv\practica3-tpv\holasdl\configuracion.h(18): error C2061: error de sintaxis : identificador 'MenuPG'
         MenuPG.cpp
     1>c:\users\blanca\documents\universidad\segundo\tpv\practica4-tpv\practica3-tpv\holasdl\configuracion.h(17): error C2061: error de sintaxis : identificador 'MenuPG'
     1>c:\users\blanca\documents\universidad\segundo\tpv\practica4-tpv\practica3-tpv\holasdl\configuracion.h(18): error C2061: error de sintaxis : identificador 'MenuPG'
         GameOverPG.cpp
     1>c:\users\blanca\documents\universidad\segundo\tpv\practica4-tpv\practica3-tpv\holasdl\configuracion.h(17): error C2061: error de sintaxis : identificador 'MenuPG'
     1>c:\users\blanca\documents\universidad\segundo\tpv\practica4-tpv\practica3-tpv\holasdl\configuracion.h(18): error C2061: error de sintaxis : identificador 'MenuPG'
         Configuracion.cpp
     1>c:\users\blanca\documents\universidad\segundo\tpv\practica4-tpv\practica3-tpv\holasdl\menupg.h(18): error C2061: error de sintaxis : identificador 'Configuracion'
         Generando código...
     1>Compilación del proyecto terminada "C:\Users\Blanca\Documents\Universidad\Segundo\TPV\Practica4-TPV\Practica3-TPV\HolaSDL\HolaSDL.vcxproj" (Build destinos) -- ERROR.

ERROR al compilar.

Tiempo transcurrido 00:00:03.10
