c:\users\blanca\documents\universidad\segundo\tpv\practica4-tpv\practica3-tpv\holasdl\debug\vc120.pdb
c:\users\blanca\documents\universidad\segundo\tpv\practica4-tpv\practica3-tpv\holasdl\debug\vc120.idb
c:\users\blanca\documents\universidad\segundo\tpv\practica4-tpv\practica3-tpv\holasdl\debug\botonpg.obj
c:\users\blanca\documents\universidad\segundo\tpv\practica4-tpv\practica3-tpv\holasdl\debug\bouncingball.obj
c:\users\blanca\documents\universidad\segundo\tpv\practica4-tpv\practica3-tpv\holasdl\debug\estadopg.obj
c:\users\blanca\documents\universidad\segundo\tpv\practica4-tpv\practica3-tpv\holasdl\debug\gamefactory.obj
c:\users\blanca\documents\universidad\segundo\tpv\practica4-tpv\practica3-tpv\holasdl\debug\gamefactory2.obj
c:\users\blanca\documents\universidad\segundo\tpv\practica4-tpv\practica3-tpv\holasdl\debug\gameoverpg.obj
c:\users\blanca\documents\universidad\segundo\tpv\practica4-tpv\practica3-tpv\holasdl\debug\globoa.obj
c:\users\blanca\documents\universidad\segundo\tpv\practica4-tpv\practica3-tpv\holasdl\debug\globospg.obj
c:\users\blanca\documents\universidad\segundo\tpv\practica4-tpv\practica3-tpv\holasdl\debug\juegopg.obj
c:\users\blanca\documents\universidad\segundo\tpv\practica4-tpv\practica3-tpv\holasdl\debug\mainp1.obj
c:\users\blanca\documents\universidad\segundo\tpv\practica4-tpv\practica3-tpv\holasdl\debug\mariposapg.obj
c:\users\blanca\documents\universidad\segundo\tpv\practica4-tpv\practica3-tpv\holasdl\debug\menupg.obj
c:\users\blanca\documents\universidad\segundo\tpv\practica4-tpv\practica3-tpv\holasdl\debug\objetopg.obj
c:\users\blanca\documents\universidad\segundo\tpv\practica4-tpv\practica3-tpv\holasdl\debug\pausapg.obj
c:\users\blanca\documents\universidad\segundo\tpv\practica4-tpv\practica3-tpv\holasdl\debug\playpg.obj
c:\users\blanca\documents\universidad\segundo\tpv\practica4-tpv\practica3-tpv\holasdl\debug\premiopg.obj
c:\users\blanca\documents\universidad\segundo\tpv\practica4-tpv\practica3-tpv\holasdl\debug\texturassdl.obj
c:\users\blanca\documents\universidad\segundo\tpv\practica4-tpv\practica3-tpv\holasdl\debug\vago.obj
c:\users\blanca\documents\universidad\segundo\tpv\practica4-tpv\practica3-tpv\bin\holasdldebug.ilk
c:\users\blanca\documents\universidad\segundo\tpv\practica4-tpv\practica3-tpv\bin\holasdldebug.exe
c:\users\blanca\documents\universidad\segundo\tpv\practica4-tpv\practica3-tpv\bin\holasdldebug.pdb
c:\users\blanca\documents\universidad\segundo\tpv\practica4-tpv\practica3-tpv\holasdl\debug\holasdl.tlog\cl.command.1.tlog
c:\users\blanca\documents\universidad\segundo\tpv\practica4-tpv\practica3-tpv\holasdl\debug\holasdl.tlog\cl.read.1.tlog
c:\users\blanca\documents\universidad\segundo\tpv\practica4-tpv\practica3-tpv\holasdl\debug\holasdl.tlog\cl.write.1.tlog
c:\users\blanca\documents\universidad\segundo\tpv\practica4-tpv\practica3-tpv\holasdl\debug\holasdl.tlog\link.command.1.tlog
c:\users\blanca\documents\universidad\segundo\tpv\practica4-tpv\practica3-tpv\holasdl\debug\holasdl.tlog\link.read.1.tlog
c:\users\blanca\documents\universidad\segundo\tpv\practica4-tpv\practica3-tpv\holasdl\debug\holasdl.tlog\link.write.1.tlog
